{"name": "Search for an invalid product", "status": "broken", "statusDetails": {"message": "selenium.common.exceptions.TimeoutException: Message: \nStacktrace:\n0   chromedriver                        0x000000010c532538 chromedriver + 4687160\n1   chromedriver                        0x000000010c529d83 chromedriver + 4652419\n2   chromedriver                        0x000000010c11afbd chromedriver + 397245\n3   chromedriver                        0x000000010c166c3c chromedriver + 707644\n4   chromedriver                        0x000000010c166e11 chromedriver + 708113\n5   chromedriver                        0x000000010c1ab274 chromedriver + 987764\n6   chromedriver                        0x000000010c18992d chromedriver + 850221\n7   chromedriver                        0x000000010c1a87bc chromedriver + 976828\n8   chromedriver                        0x000000010c1896a3 chromedriver + 849571\n9   chromedriver                        0x000000010c15917f chromedriver + 651647\n10  chromedriver                        0x000000010c15a15e chromedriver + 655710\n11  chromedriver                        0x000000010c4f2980 chromedriver + 4426112\n12  chromedriver                        0x000000010c4f7c18 chromedriver + 4447256\n13  chromedriver                        0x000000010c4d6e81 chromedriver + 4312705\n14  chromedriver                        0x000000010c4f8966 chromedriver + 4450662\n15  chromedriver                        0x000000010c4c8c9c chromedriver + 4254876\n16  chromedriver                        0x000000010c518528 chromedriver + 4580648\n17  chromedriver                        0x000000010c5186de chromedriver + 4581086\n18  chromedriver                        0x000000010c5299c3 chromedriver + 4651459\n19  libsystem_pthread.dylib             0x00007ff80a79e1d3 _pthread_start + 125\n20  libsystem_pthread.dylib             0x00007ff80a799bd3 thread_start + 15\n\n", "trace": "  File \"/Users/ganiyug/Desktop/Ganiyu_Pyt_Sel/Project_venv/lib/python3.11/site-packages/behave/model.py\", line 1329, in run\n    match.run(runner.context)\n  File \"/Users/ganiyug/Desktop/Ganiyu_Pyt_Sel/Project_venv/lib/python3.11/site-packages/behave/matchers.py\", line 98, in run\n    self.func(context, *args, **kwargs)\n  File \"features/steps/search_steps.py\", line 52, in step_impl\n    context.search_page.display_search_result_expected_conditions(\"Products meeting the search criteriass\")\n  File \"/Users/ganiyug/Desktop/Ganiyu_Pyt_Sel/features/pages/Search.py\", line 29, in display_search_result_expected_conditions\n    display_expected_result = self.retieve_display_text_status(\"_xpath\",self.__set_display_search_result_expected_conditions_xpath(expected_condition))\n                              ^^^^^^^^^^^^^^^^^^^^^^^^^^^^^^^^^^^^^^^^^^^^^^^^^^^^^^^^^^^^^^^^^^^^^^^^^^^^^^^^^^^^^^^^^^^^^^^^^^^^^^^^^^^^^^^^^^^^^^^^^\n  File \"/Users/ganiyug/Desktop/Ganiyu_Pyt_Sel/features/pages/BasePage.py\", line 50, in retieve_display_text_status\n    self.err_or_succes_message_text=self.driver.wait.until(EC.visibility_of_element_located((By.XPATH,locator_value)))\n                                    ^^^^^^^^^^^^^^^^^^^^^^^^^^^^^^^^^^^^^^^^^^^^^^^^^^^^^^^^^^^^^^^^^^^^^^^^^^^^^^^^^^\n  File \"/Users/ganiyug/Desktop/Ganiyu_Pyt_Sel/Project_venv/lib/python3.11/site-packages/selenium/webdriver/support/wait.py\", line 105, in until\n    raise TimeoutException(message, screen, stacktrace)\n"}, "steps": [{"name": "Given I got navigated to HomePage to search for a product", "status": "passed", "start": 1708442939480, "stop": 1708442939562}, {"name": "When I enter invalid product the Search word \"Sugar\" into the box field", "status": "passed", "start": 1708442939562, "stop": 1708442939721}, {"name": "When I click on search button for invalid search", "status": "passed", "start": 1708442939721, "stop": 1708442950144}, {"name": "Then message of invalid product be dispalyed", "status": "broken", "statusDetails": {"message": "selenium.common.exceptions.TimeoutException: Message: \nStacktrace:\n0   chromedriver                        0x000000010c532538 chromedriver + 4687160\n1   chromedriver                        0x000000010c529d83 chromedriver + 4652419\n2   chromedriver                        0x000000010c11afbd chromedriver + 397245\n3   chromedriver                        0x000000010c166c3c chromedriver + 707644\n4   chromedriver                        0x000000010c166e11 chromedriver + 708113\n5   chromedriver                        0x000000010c1ab274 chromedriver + 987764\n6   chromedriver                        0x000000010c18992d chromedriver + 850221\n7   chromedriver                        0x000000010c1a87bc chromedriver + 976828\n8   chromedriver                        0x000000010c1896a3 chromedriver + 849571\n9   chromedriver                        0x000000010c15917f chromedriver + 651647\n10  chromedriver                        0x000000010c15a15e chromedriver + 655710\n11  chromedriver                        0x000000010c4f2980 chromedriver + 4426112\n12  chromedriver                        0x000000010c4f7c18 chromedriver + 4447256\n13  chromedriver                        0x000000010c4d6e81 chromedriver + 4312705\n14  chromedriver                        0x000000010c4f8966 chromedriver + 4450662\n15  chromedriver                        0x000000010c4c8c9c chromedriver + 4254876\n16  chromedriver                        0x000000010c518528 chromedriver + 4580648\n17  chromedriver                        0x000000010c5186de chromedriver + 4581086\n18  chromedriver                        0x000000010c5299c3 chromedriver + 4651459\n19  libsystem_pthread.dylib             0x00007ff80a79e1d3 _pthread_start + 125\n20  libsystem_pthread.dylib             0x00007ff80a799bd3 thread_start + 15\n\n", "trace": "  File \"/Users/ganiyug/Desktop/Ganiyu_Pyt_Sel/Project_venv/lib/python3.11/site-packages/behave/model.py\", line 1329, in run\n    match.run(runner.context)\n  File \"/Users/ganiyug/Desktop/Ganiyu_Pyt_Sel/Project_venv/lib/python3.11/site-packages/behave/matchers.py\", line 98, in run\n    self.func(context, *args, **kwargs)\n  File \"features/steps/search_steps.py\", line 52, in step_impl\n    context.search_page.display_search_result_expected_conditions(\"Products meeting the search criteriass\")\n  File \"/Users/ganiyug/Desktop/Ganiyu_Pyt_Sel/features/pages/Search.py\", line 29, in display_search_result_expected_conditions\n    display_expected_result = self.retieve_display_text_status(\"_xpath\",self.__set_display_search_result_expected_conditions_xpath(expected_condition))\n                              ^^^^^^^^^^^^^^^^^^^^^^^^^^^^^^^^^^^^^^^^^^^^^^^^^^^^^^^^^^^^^^^^^^^^^^^^^^^^^^^^^^^^^^^^^^^^^^^^^^^^^^^^^^^^^^^^^^^^^^^^^\n  File \"/Users/ganiyug/Desktop/Ganiyu_Pyt_Sel/features/pages/BasePage.py\", line 50, in retieve_display_text_status\n    self.err_or_succes_message_text=self.driver.wait.until(EC.visibility_of_element_located((By.XPATH,locator_value)))\n                                    ^^^^^^^^^^^^^^^^^^^^^^^^^^^^^^^^^^^^^^^^^^^^^^^^^^^^^^^^^^^^^^^^^^^^^^^^^^^^^^^^^^\n  File \"/Users/ganiyug/Desktop/Ganiyu_Pyt_Sel/Project_venv/lib/python3.11/site-packages/selenium/webdriver/support/wait.py\", line 105, in until\n    raise TimeoutException(message, screen, stacktrace)\n"}, "attachments": [{"name": "failed_screenshot", "source": "6058c193-2a02-4f83-b17a-2eeb54ed2400-attachment.png", "type": "image/png"}], "start": 1708442950144, "stop": 1708442971055}], "start": 1708442935857, "stop": 1708442971383, "uuid": "2825aeac-9a6f-4e65-a5ff-bad202eaf966", "historyId": "d75a383350e447d67d52fe327328bb98", "fullName": "Search Functionality: Search for an invalid product", "labels": [{"name": "severity", "value": "normal"}, {"name": "tag", "value": "Search"}, {"name": "feature", "value": "Search Functionality"}, {"name": "framework", "value": "behave"}, {"name": "language", "value": "cpython3"}]}